Instruction number 1
 NVDLA_SDP_S_PRODUCER => 0
 NVDLA_SDP_D_OP_ENABLE => 0
 SDP_D_STATUS => 0
 SDP_D_STATUS_NAN_INPUT_NUM => 0
 SDP_D_STATUS_INF_INPUT_NUM => 0
 SDP_D_STATUS_NAN_OUTPUT_NUM => 0
 SDP_D_PERF_WDMA_WRITE_STALL => 0
 SDP_D_PERF_LUT_UFLOW => 0
 SDP_D_PERF_LUT_OFLOW => 0
 SDP_D_PERF_OUT_SATURATION => 0
 SDP_D_PERF_LUT_HYBRID => 0
 SDP_D_PERF_LUT_LE_HIT => 0
 SDP_D_PERF_LUT_LO_HIT => 0

Instruction number 3
 NVDLA_SDP_S_PRODUCER => 0
 NVDLA_SDP_D_OP_ENABLE => 0
 SDP_D_STATUS => 0
 SDP_D_STATUS_NAN_INPUT_NUM => 0
 SDP_D_STATUS_INF_INPUT_NUM => 0
 SDP_D_STATUS_NAN_OUTPUT_NUM => 0
 SDP_D_PERF_WDMA_WRITE_STALL => 0
 SDP_D_PERF_LUT_UFLOW => 0
 SDP_D_PERF_LUT_OFLOW => 0
 SDP_D_PERF_OUT_SATURATION => 0
 SDP_D_PERF_LUT_HYBRID => 0
 SDP_D_PERF_LUT_LE_HIT => 0
 SDP_D_PERF_LUT_LO_HIT => 0

